CRITICAL - 2021-06-25 01:02:20 --> syntax error, unexpected 'public' (T_PUBLIC), expecting end of file
#0 D:\S O F T W A R E\xampp\htdocs\lab11_ci\ci4\system\Autoloader\Autoloader.php(273): CodeIgniter\Autoloader\Autoloader->includeFile('D:\\S O F T W A ...')
#1 D:\S O F T W A R E\xampp\htdocs\lab11_ci\ci4\system\Autoloader\Autoloader.php(247): CodeIgniter\Autoloader\Autoloader->loadInNamespace('App\\Controllers...')
#2 [internal function]: CodeIgniter\Autoloader\Autoloader->loadClass('App\\Controllers...')
#3 [internal function]: spl_autoload_call('App\\Controllers...')
#4 D:\S O F T W A R E\xampp\htdocs\lab11_ci\ci4\system\CodeIgniter.php(885): class_exists('\\App\\Controller...', true)
#5 D:\S O F T W A R E\xampp\htdocs\lab11_ci\ci4\system\CodeIgniter.php(421): CodeIgniter\CodeIgniter->startController()
#6 D:\S O F T W A R E\xampp\htdocs\lab11_ci\ci4\system\CodeIgniter.php(336): CodeIgniter\CodeIgniter->handleRequest(NULL, Object(Config\Cache), false)
#7 D:\S O F T W A R E\xampp\htdocs\lab11_ci\ci4\public\index.php(37): CodeIgniter\CodeIgniter->run()
#8 D:\S O F T W A R E\xampp\htdocs\lab11_ci\ci4\system\Commands\Server\rewrite.php(45): require_once('D:\\S O F T W A ...')
#9 {main}
CRITICAL - 2021-06-25 01:45:05 --> Invalid file: artikel/admin_index.php
#0 D:\S O F T W A R E\xampp\htdocs\lab11_ci\ci4\system\View\View.php(213): CodeIgniter\Exceptions\FrameworkException::forInvalidFile('artikel/admin_i...')
#1 D:\S O F T W A R E\xampp\htdocs\lab11_ci\ci4\system\Common.php(1271): CodeIgniter\View\View->render('artikel/admin_i...', Array, true)
#2 D:\S O F T W A R E\xampp\htdocs\lab11_ci\ci4\app\Controllers\Artikel.php(34): view('artikel/admin_i...', Array)
#3 D:\S O F T W A R E\xampp\htdocs\lab11_ci\ci4\system\CodeIgniter.php(928): App\Controllers\Artikel->admin_index()
#4 D:\S O F T W A R E\xampp\htdocs\lab11_ci\ci4\system\CodeIgniter.php(436): CodeIgniter\CodeIgniter->runController(Object(App\Controllers\Artikel))
#5 D:\S O F T W A R E\xampp\htdocs\lab11_ci\ci4\system\CodeIgniter.php(336): CodeIgniter\CodeIgniter->handleRequest(NULL, Object(Config\Cache), false)
#6 D:\S O F T W A R E\xampp\htdocs\lab11_ci\ci4\public\index.php(37): CodeIgniter\CodeIgniter->run()
#7 D:\S O F T W A R E\xampp\htdocs\lab11_ci\ci4\system\Commands\Server\rewrite.php(45): require_once('D:\\S O F T W A ...')
#8 {main}
CRITICAL - 2021-06-25 01:45:57 --> Invalid file: artikel/admin_index.php
#0 D:\S O F T W A R E\xampp\htdocs\lab11_ci\ci4\system\View\View.php(213): CodeIgniter\Exceptions\FrameworkException::forInvalidFile('artikel/admin_i...')
#1 D:\S O F T W A R E\xampp\htdocs\lab11_ci\ci4\system\Common.php(1271): CodeIgniter\View\View->render('artikel/admin_i...', Array, true)
#2 D:\S O F T W A R E\xampp\htdocs\lab11_ci\ci4\app\Controllers\Artikel.php(36): view('artikel/admin_i...', Array)
#3 D:\S O F T W A R E\xampp\htdocs\lab11_ci\ci4\system\CodeIgniter.php(928): App\Controllers\Artikel->admin_index()
#4 D:\S O F T W A R E\xampp\htdocs\lab11_ci\ci4\system\CodeIgniter.php(436): CodeIgniter\CodeIgniter->runController(Object(App\Controllers\Artikel))
#5 D:\S O F T W A R E\xampp\htdocs\lab11_ci\ci4\system\CodeIgniter.php(336): CodeIgniter\CodeIgniter->handleRequest(NULL, Object(Config\Cache), false)
#6 D:\S O F T W A R E\xampp\htdocs\lab11_ci\ci4\public\index.php(37): CodeIgniter\CodeIgniter->run()
#7 D:\S O F T W A R E\xampp\htdocs\lab11_ci\ci4\system\Commands\Server\rewrite.php(45): require_once('D:\\S O F T W A ...')
#8 {main}
CRITICAL - 2021-06-25 01:45:57 --> Invalid file: artikel/admin_index.php
#0 D:\S O F T W A R E\xampp\htdocs\lab11_ci\ci4\system\View\View.php(213): CodeIgniter\Exceptions\FrameworkException::forInvalidFile('artikel/admin_i...')
#1 D:\S O F T W A R E\xampp\htdocs\lab11_ci\ci4\system\Common.php(1271): CodeIgniter\View\View->render('artikel/admin_i...', Array, true)
#2 D:\S O F T W A R E\xampp\htdocs\lab11_ci\ci4\app\Controllers\Artikel.php(36): view('artikel/admin_i...', Array)
#3 D:\S O F T W A R E\xampp\htdocs\lab11_ci\ci4\system\CodeIgniter.php(928): App\Controllers\Artikel->admin_index()
#4 D:\S O F T W A R E\xampp\htdocs\lab11_ci\ci4\system\CodeIgniter.php(436): CodeIgniter\CodeIgniter->runController(Object(App\Controllers\Artikel))
#5 D:\S O F T W A R E\xampp\htdocs\lab11_ci\ci4\system\CodeIgniter.php(336): CodeIgniter\CodeIgniter->handleRequest(NULL, Object(Config\Cache), false)
#6 D:\S O F T W A R E\xampp\htdocs\lab11_ci\ci4\public\index.php(37): CodeIgniter\CodeIgniter->run()
#7 D:\S O F T W A R E\xampp\htdocs\lab11_ci\ci4\system\Commands\Server\rewrite.php(45): require_once('D:\\S O F T W A ...')
#8 {main}
CRITICAL - 2021-06-25 01:45:57 --> Invalid file: artikel/admin_index.php
#0 D:\S O F T W A R E\xampp\htdocs\lab11_ci\ci4\system\View\View.php(213): CodeIgniter\Exceptions\FrameworkException::forInvalidFile('artikel/admin_i...')
#1 D:\S O F T W A R E\xampp\htdocs\lab11_ci\ci4\system\Common.php(1271): CodeIgniter\View\View->render('artikel/admin_i...', Array, true)
#2 D:\S O F T W A R E\xampp\htdocs\lab11_ci\ci4\app\Controllers\Artikel.php(36): view('artikel/admin_i...', Array)
#3 D:\S O F T W A R E\xampp\htdocs\lab11_ci\ci4\system\CodeIgniter.php(928): App\Controllers\Artikel->admin_index()
#4 D:\S O F T W A R E\xampp\htdocs\lab11_ci\ci4\system\CodeIgniter.php(436): CodeIgniter\CodeIgniter->runController(Object(App\Controllers\Artikel))
#5 D:\S O F T W A R E\xampp\htdocs\lab11_ci\ci4\system\CodeIgniter.php(336): CodeIgniter\CodeIgniter->handleRequest(NULL, Object(Config\Cache), false)
#6 D:\S O F T W A R E\xampp\htdocs\lab11_ci\ci4\public\index.php(37): CodeIgniter\CodeIgniter->run()
#7 D:\S O F T W A R E\xampp\htdocs\lab11_ci\ci4\system\Commands\Server\rewrite.php(45): require_once('D:\\S O F T W A ...')
#8 {main}
CRITICAL - 2021-06-25 01:45:58 --> Invalid file: artikel/admin_index.php
#0 D:\S O F T W A R E\xampp\htdocs\lab11_ci\ci4\system\View\View.php(213): CodeIgniter\Exceptions\FrameworkException::forInvalidFile('artikel/admin_i...')
#1 D:\S O F T W A R E\xampp\htdocs\lab11_ci\ci4\system\Common.php(1271): CodeIgniter\View\View->render('artikel/admin_i...', Array, true)
#2 D:\S O F T W A R E\xampp\htdocs\lab11_ci\ci4\app\Controllers\Artikel.php(36): view('artikel/admin_i...', Array)
#3 D:\S O F T W A R E\xampp\htdocs\lab11_ci\ci4\system\CodeIgniter.php(928): App\Controllers\Artikel->admin_index()
#4 D:\S O F T W A R E\xampp\htdocs\lab11_ci\ci4\system\CodeIgniter.php(436): CodeIgniter\CodeIgniter->runController(Object(App\Controllers\Artikel))
#5 D:\S O F T W A R E\xampp\htdocs\lab11_ci\ci4\system\CodeIgniter.php(336): CodeIgniter\CodeIgniter->handleRequest(NULL, Object(Config\Cache), false)
#6 D:\S O F T W A R E\xampp\htdocs\lab11_ci\ci4\public\index.php(37): CodeIgniter\CodeIgniter->run()
#7 D:\S O F T W A R E\xampp\htdocs\lab11_ci\ci4\system\Commands\Server\rewrite.php(45): require_once('D:\\S O F T W A ...')
#8 {main}
CRITICAL - 2021-06-25 01:45:58 --> Invalid file: artikel/admin_index.php
#0 D:\S O F T W A R E\xampp\htdocs\lab11_ci\ci4\system\View\View.php(213): CodeIgniter\Exceptions\FrameworkException::forInvalidFile('artikel/admin_i...')
#1 D:\S O F T W A R E\xampp\htdocs\lab11_ci\ci4\system\Common.php(1271): CodeIgniter\View\View->render('artikel/admin_i...', Array, true)
#2 D:\S O F T W A R E\xampp\htdocs\lab11_ci\ci4\app\Controllers\Artikel.php(36): view('artikel/admin_i...', Array)
#3 D:\S O F T W A R E\xampp\htdocs\lab11_ci\ci4\system\CodeIgniter.php(928): App\Controllers\Artikel->admin_index()
#4 D:\S O F T W A R E\xampp\htdocs\lab11_ci\ci4\system\CodeIgniter.php(436): CodeIgniter\CodeIgniter->runController(Object(App\Controllers\Artikel))
#5 D:\S O F T W A R E\xampp\htdocs\lab11_ci\ci4\system\CodeIgniter.php(336): CodeIgniter\CodeIgniter->handleRequest(NULL, Object(Config\Cache), false)
#6 D:\S O F T W A R E\xampp\htdocs\lab11_ci\ci4\public\index.php(37): CodeIgniter\CodeIgniter->run()
#7 D:\S O F T W A R E\xampp\htdocs\lab11_ci\ci4\system\Commands\Server\rewrite.php(45): require_once('D:\\S O F T W A ...')
#8 {main}
CRITICAL - 2021-06-25 01:45:58 --> Invalid file: artikel/admin_index.php
#0 D:\S O F T W A R E\xampp\htdocs\lab11_ci\ci4\system\View\View.php(213): CodeIgniter\Exceptions\FrameworkException::forInvalidFile('artikel/admin_i...')
#1 D:\S O F T W A R E\xampp\htdocs\lab11_ci\ci4\system\Common.php(1271): CodeIgniter\View\View->render('artikel/admin_i...', Array, true)
#2 D:\S O F T W A R E\xampp\htdocs\lab11_ci\ci4\app\Controllers\Artikel.php(36): view('artikel/admin_i...', Array)
#3 D:\S O F T W A R E\xampp\htdocs\lab11_ci\ci4\system\CodeIgniter.php(928): App\Controllers\Artikel->admin_index()
#4 D:\S O F T W A R E\xampp\htdocs\lab11_ci\ci4\system\CodeIgniter.php(436): CodeIgniter\CodeIgniter->runController(Object(App\Controllers\Artikel))
#5 D:\S O F T W A R E\xampp\htdocs\lab11_ci\ci4\system\CodeIgniter.php(336): CodeIgniter\CodeIgniter->handleRequest(NULL, Object(Config\Cache), false)
#6 D:\S O F T W A R E\xampp\htdocs\lab11_ci\ci4\public\index.php(37): CodeIgniter\CodeIgniter->run()
#7 D:\S O F T W A R E\xampp\htdocs\lab11_ci\ci4\system\Commands\Server\rewrite.php(45): require_once('D:\\S O F T W A ...')
#8 {main}
CRITICAL - 2021-06-25 01:45:58 --> Invalid file: artikel/admin_index.php
#0 D:\S O F T W A R E\xampp\htdocs\lab11_ci\ci4\system\View\View.php(213): CodeIgniter\Exceptions\FrameworkException::forInvalidFile('artikel/admin_i...')
#1 D:\S O F T W A R E\xampp\htdocs\lab11_ci\ci4\system\Common.php(1271): CodeIgniter\View\View->render('artikel/admin_i...', Array, true)
#2 D:\S O F T W A R E\xampp\htdocs\lab11_ci\ci4\app\Controllers\Artikel.php(36): view('artikel/admin_i...', Array)
#3 D:\S O F T W A R E\xampp\htdocs\lab11_ci\ci4\system\CodeIgniter.php(928): App\Controllers\Artikel->admin_index()
#4 D:\S O F T W A R E\xampp\htdocs\lab11_ci\ci4\system\CodeIgniter.php(436): CodeIgniter\CodeIgniter->runController(Object(App\Controllers\Artikel))
#5 D:\S O F T W A R E\xampp\htdocs\lab11_ci\ci4\system\CodeIgniter.php(336): CodeIgniter\CodeIgniter->handleRequest(NULL, Object(Config\Cache), false)
#6 D:\S O F T W A R E\xampp\htdocs\lab11_ci\ci4\public\index.php(37): CodeIgniter\CodeIgniter->run()
#7 D:\S O F T W A R E\xampp\htdocs\lab11_ci\ci4\system\Commands\Server\rewrite.php(45): require_once('D:\\S O F T W A ...')
#8 {main}
CRITICAL - 2021-06-25 01:59:29 --> Invalid file: template/admin_header.php
#0 D:\S O F T W A R E\xampp\htdocs\lab11_ci\ci4\system\View\View.php(213): CodeIgniter\Exceptions\FrameworkException::forInvalidFile('template/admin_...')
#1 D:\S O F T W A R E\xampp\htdocs\lab11_ci\ci4\system\View\View.php(487): CodeIgniter\View\View->render('template/admin_...', NULL, true)
#2 D:\S O F T W A R E\xampp\htdocs\lab11_ci\ci4\app\Views\artikel\admin_index.php(1): CodeIgniter\View\View->include('template/admin_...')
#3 D:\S O F T W A R E\xampp\htdocs\lab11_ci\ci4\system\View\View.php(230): include('D:\\S O F T W A ...')
#4 D:\S O F T W A R E\xampp\htdocs\lab11_ci\ci4\system\View\View.php(232): CodeIgniter\View\View->CodeIgniter\View\{closure}()
#5 D:\S O F T W A R E\xampp\htdocs\lab11_ci\ci4\system\Common.php(1271): CodeIgniter\View\View->render('artikel/admin_i...', Array, true)
#6 D:\S O F T W A R E\xampp\htdocs\lab11_ci\ci4\app\Controllers\Artikel.php(36): view('artikel/admin_i...', Array)
#7 D:\S O F T W A R E\xampp\htdocs\lab11_ci\ci4\system\CodeIgniter.php(928): App\Controllers\Artikel->admin_index()
#8 D:\S O F T W A R E\xampp\htdocs\lab11_ci\ci4\system\CodeIgniter.php(436): CodeIgniter\CodeIgniter->runController(Object(App\Controllers\Artikel))
#9 D:\S O F T W A R E\xampp\htdocs\lab11_ci\ci4\system\CodeIgniter.php(336): CodeIgniter\CodeIgniter->handleRequest(NULL, Object(Config\Cache), false)
#10 D:\S O F T W A R E\xampp\htdocs\lab11_ci\ci4\public\index.php(37): CodeIgniter\CodeIgniter->run()
#11 D:\S O F T W A R E\xampp\htdocs\lab11_ci\ci4\system\Commands\Server\rewrite.php(45): require_once('D:\\S O F T W A ...')
#12 {main}
CRITICAL - 2021-06-25 01:59:31 --> Invalid file: template/admin_header.php
#0 D:\S O F T W A R E\xampp\htdocs\lab11_ci\ci4\system\View\View.php(213): CodeIgniter\Exceptions\FrameworkException::forInvalidFile('template/admin_...')
#1 D:\S O F T W A R E\xampp\htdocs\lab11_ci\ci4\system\View\View.php(487): CodeIgniter\View\View->render('template/admin_...', NULL, true)
#2 D:\S O F T W A R E\xampp\htdocs\lab11_ci\ci4\app\Views\artikel\admin_index.php(1): CodeIgniter\View\View->include('template/admin_...')
#3 D:\S O F T W A R E\xampp\htdocs\lab11_ci\ci4\system\View\View.php(230): include('D:\\S O F T W A ...')
#4 D:\S O F T W A R E\xampp\htdocs\lab11_ci\ci4\system\View\View.php(232): CodeIgniter\View\View->CodeIgniter\View\{closure}()
#5 D:\S O F T W A R E\xampp\htdocs\lab11_ci\ci4\system\Common.php(1271): CodeIgniter\View\View->render('artikel/admin_i...', Array, true)
#6 D:\S O F T W A R E\xampp\htdocs\lab11_ci\ci4\app\Controllers\Artikel.php(36): view('artikel/admin_i...', Array)
#7 D:\S O F T W A R E\xampp\htdocs\lab11_ci\ci4\system\CodeIgniter.php(928): App\Controllers\Artikel->admin_index()
#8 D:\S O F T W A R E\xampp\htdocs\lab11_ci\ci4\system\CodeIgniter.php(436): CodeIgniter\CodeIgniter->runController(Object(App\Controllers\Artikel))
#9 D:\S O F T W A R E\xampp\htdocs\lab11_ci\ci4\system\CodeIgniter.php(336): CodeIgniter\CodeIgniter->handleRequest(NULL, Object(Config\Cache), false)
#10 D:\S O F T W A R E\xampp\htdocs\lab11_ci\ci4\public\index.php(37): CodeIgniter\CodeIgniter->run()
#11 D:\S O F T W A R E\xampp\htdocs\lab11_ci\ci4\system\Commands\Server\rewrite.php(45): require_once('D:\\S O F T W A ...')
#12 {main}
CRITICAL - 2021-06-25 02:00:28 --> Invalid file: template/admin_header.php
#0 D:\S O F T W A R E\xampp\htdocs\lab11_ci\ci4\system\View\View.php(213): CodeIgniter\Exceptions\FrameworkException::forInvalidFile('template/admin_...')
#1 D:\S O F T W A R E\xampp\htdocs\lab11_ci\ci4\system\View\View.php(487): CodeIgniter\View\View->render('template/admin_...', NULL, true)
#2 D:\S O F T W A R E\xampp\htdocs\lab11_ci\ci4\app\Views\artikel\admin_index.php(1): CodeIgniter\View\View->include('template/admin_...')
#3 D:\S O F T W A R E\xampp\htdocs\lab11_ci\ci4\system\View\View.php(230): include('D:\\S O F T W A ...')
#4 D:\S O F T W A R E\xampp\htdocs\lab11_ci\ci4\system\View\View.php(232): CodeIgniter\View\View->CodeIgniter\View\{closure}()
#5 D:\S O F T W A R E\xampp\htdocs\lab11_ci\ci4\system\Common.php(1271): CodeIgniter\View\View->render('artikel/admin_i...', Array, true)
#6 D:\S O F T W A R E\xampp\htdocs\lab11_ci\ci4\app\Controllers\Artikel.php(36): view('artikel/admin_i...', Array)
#7 D:\S O F T W A R E\xampp\htdocs\lab11_ci\ci4\system\CodeIgniter.php(928): App\Controllers\Artikel->admin_index()
#8 D:\S O F T W A R E\xampp\htdocs\lab11_ci\ci4\system\CodeIgniter.php(436): CodeIgniter\CodeIgniter->runController(Object(App\Controllers\Artikel))
#9 D:\S O F T W A R E\xampp\htdocs\lab11_ci\ci4\system\CodeIgniter.php(336): CodeIgniter\CodeIgniter->handleRequest(NULL, Object(Config\Cache), false)
#10 D:\S O F T W A R E\xampp\htdocs\lab11_ci\ci4\public\index.php(37): CodeIgniter\CodeIgniter->run()
#11 D:\S O F T W A R E\xampp\htdocs\lab11_ci\ci4\system\Commands\Server\rewrite.php(45): require_once('D:\\S O F T W A ...')
#12 {main}
CRITICAL - 2021-06-25 02:00:29 --> Invalid file: template/admin_header.php
#0 D:\S O F T W A R E\xampp\htdocs\lab11_ci\ci4\system\View\View.php(213): CodeIgniter\Exceptions\FrameworkException::forInvalidFile('template/admin_...')
#1 D:\S O F T W A R E\xampp\htdocs\lab11_ci\ci4\system\View\View.php(487): CodeIgniter\View\View->render('template/admin_...', NULL, true)
#2 D:\S O F T W A R E\xampp\htdocs\lab11_ci\ci4\app\Views\artikel\admin_index.php(1): CodeIgniter\View\View->include('template/admin_...')
#3 D:\S O F T W A R E\xampp\htdocs\lab11_ci\ci4\system\View\View.php(230): include('D:\\S O F T W A ...')
#4 D:\S O F T W A R E\xampp\htdocs\lab11_ci\ci4\system\View\View.php(232): CodeIgniter\View\View->CodeIgniter\View\{closure}()
#5 D:\S O F T W A R E\xampp\htdocs\lab11_ci\ci4\system\Common.php(1271): CodeIgniter\View\View->render('artikel/admin_i...', Array, true)
#6 D:\S O F T W A R E\xampp\htdocs\lab11_ci\ci4\app\Controllers\Artikel.php(36): view('artikel/admin_i...', Array)
#7 D:\S O F T W A R E\xampp\htdocs\lab11_ci\ci4\system\CodeIgniter.php(928): App\Controllers\Artikel->admin_index()
#8 D:\S O F T W A R E\xampp\htdocs\lab11_ci\ci4\system\CodeIgniter.php(436): CodeIgniter\CodeIgniter->runController(Object(App\Controllers\Artikel))
#9 D:\S O F T W A R E\xampp\htdocs\lab11_ci\ci4\system\CodeIgniter.php(336): CodeIgniter\CodeIgniter->handleRequest(NULL, Object(Config\Cache), false)
#10 D:\S O F T W A R E\xampp\htdocs\lab11_ci\ci4\public\index.php(37): CodeIgniter\CodeIgniter->run()
#11 D:\S O F T W A R E\xampp\htdocs\lab11_ci\ci4\system\Commands\Server\rewrite.php(45): require_once('D:\\S O F T W A ...')
#12 {main}
CRITICAL - 2021-06-25 02:00:29 --> Invalid file: template/admin_header.php
#0 D:\S O F T W A R E\xampp\htdocs\lab11_ci\ci4\system\View\View.php(213): CodeIgniter\Exceptions\FrameworkException::forInvalidFile('template/admin_...')
#1 D:\S O F T W A R E\xampp\htdocs\lab11_ci\ci4\system\View\View.php(487): CodeIgniter\View\View->render('template/admin_...', NULL, true)
#2 D:\S O F T W A R E\xampp\htdocs\lab11_ci\ci4\app\Views\artikel\admin_index.php(1): CodeIgniter\View\View->include('template/admin_...')
#3 D:\S O F T W A R E\xampp\htdocs\lab11_ci\ci4\system\View\View.php(230): include('D:\\S O F T W A ...')
#4 D:\S O F T W A R E\xampp\htdocs\lab11_ci\ci4\system\View\View.php(232): CodeIgniter\View\View->CodeIgniter\View\{closure}()
#5 D:\S O F T W A R E\xampp\htdocs\lab11_ci\ci4\system\Common.php(1271): CodeIgniter\View\View->render('artikel/admin_i...', Array, true)
#6 D:\S O F T W A R E\xampp\htdocs\lab11_ci\ci4\app\Controllers\Artikel.php(36): view('artikel/admin_i...', Array)
#7 D:\S O F T W A R E\xampp\htdocs\lab11_ci\ci4\system\CodeIgniter.php(928): App\Controllers\Artikel->admin_index()
#8 D:\S O F T W A R E\xampp\htdocs\lab11_ci\ci4\system\CodeIgniter.php(436): CodeIgniter\CodeIgniter->runController(Object(App\Controllers\Artikel))
#9 D:\S O F T W A R E\xampp\htdocs\lab11_ci\ci4\system\CodeIgniter.php(336): CodeIgniter\CodeIgniter->handleRequest(NULL, Object(Config\Cache), false)
#10 D:\S O F T W A R E\xampp\htdocs\lab11_ci\ci4\public\index.php(37): CodeIgniter\CodeIgniter->run()
#11 D:\S O F T W A R E\xampp\htdocs\lab11_ci\ci4\system\Commands\Server\rewrite.php(45): require_once('D:\\S O F T W A ...')
#12 {main}
CRITICAL - 2021-06-25 02:00:29 --> Invalid file: template/admin_header.php
#0 D:\S O F T W A R E\xampp\htdocs\lab11_ci\ci4\system\View\View.php(213): CodeIgniter\Exceptions\FrameworkException::forInvalidFile('template/admin_...')
#1 D:\S O F T W A R E\xampp\htdocs\lab11_ci\ci4\system\View\View.php(487): CodeIgniter\View\View->render('template/admin_...', NULL, true)
#2 D:\S O F T W A R E\xampp\htdocs\lab11_ci\ci4\app\Views\artikel\admin_index.php(1): CodeIgniter\View\View->include('template/admin_...')
#3 D:\S O F T W A R E\xampp\htdocs\lab11_ci\ci4\system\View\View.php(230): include('D:\\S O F T W A ...')
#4 D:\S O F T W A R E\xampp\htdocs\lab11_ci\ci4\system\View\View.php(232): CodeIgniter\View\View->CodeIgniter\View\{closure}()
#5 D:\S O F T W A R E\xampp\htdocs\lab11_ci\ci4\system\Common.php(1271): CodeIgniter\View\View->render('artikel/admin_i...', Array, true)
#6 D:\S O F T W A R E\xampp\htdocs\lab11_ci\ci4\app\Controllers\Artikel.php(36): view('artikel/admin_i...', Array)
#7 D:\S O F T W A R E\xampp\htdocs\lab11_ci\ci4\system\CodeIgniter.php(928): App\Controllers\Artikel->admin_index()
#8 D:\S O F T W A R E\xampp\htdocs\lab11_ci\ci4\system\CodeIgniter.php(436): CodeIgniter\CodeIgniter->runController(Object(App\Controllers\Artikel))
#9 D:\S O F T W A R E\xampp\htdocs\lab11_ci\ci4\system\CodeIgniter.php(336): CodeIgniter\CodeIgniter->handleRequest(NULL, Object(Config\Cache), false)
#10 D:\S O F T W A R E\xampp\htdocs\lab11_ci\ci4\public\index.php(37): CodeIgniter\CodeIgniter->run()
#11 D:\S O F T W A R E\xampp\htdocs\lab11_ci\ci4\system\Commands\Server\rewrite.php(45): require_once('D:\\S O F T W A ...')
#12 {main}
CRITICAL - 2021-06-25 02:00:30 --> Invalid file: template/admin_header.php
#0 D:\S O F T W A R E\xampp\htdocs\lab11_ci\ci4\system\View\View.php(213): CodeIgniter\Exceptions\FrameworkException::forInvalidFile('template/admin_...')
#1 D:\S O F T W A R E\xampp\htdocs\lab11_ci\ci4\system\View\View.php(487): CodeIgniter\View\View->render('template/admin_...', NULL, true)
#2 D:\S O F T W A R E\xampp\htdocs\lab11_ci\ci4\app\Views\artikel\admin_index.php(1): CodeIgniter\View\View->include('template/admin_...')
#3 D:\S O F T W A R E\xampp\htdocs\lab11_ci\ci4\system\View\View.php(230): include('D:\\S O F T W A ...')
#4 D:\S O F T W A R E\xampp\htdocs\lab11_ci\ci4\system\View\View.php(232): CodeIgniter\View\View->CodeIgniter\View\{closure}()
#5 D:\S O F T W A R E\xampp\htdocs\lab11_ci\ci4\system\Common.php(1271): CodeIgniter\View\View->render('artikel/admin_i...', Array, true)
#6 D:\S O F T W A R E\xampp\htdocs\lab11_ci\ci4\app\Controllers\Artikel.php(36): view('artikel/admin_i...', Array)
#7 D:\S O F T W A R E\xampp\htdocs\lab11_ci\ci4\system\CodeIgniter.php(928): App\Controllers\Artikel->admin_index()
#8 D:\S O F T W A R E\xampp\htdocs\lab11_ci\ci4\system\CodeIgniter.php(436): CodeIgniter\CodeIgniter->runController(Object(App\Controllers\Artikel))
#9 D:\S O F T W A R E\xampp\htdocs\lab11_ci\ci4\system\CodeIgniter.php(336): CodeIgniter\CodeIgniter->handleRequest(NULL, Object(Config\Cache), false)
#10 D:\S O F T W A R E\xampp\htdocs\lab11_ci\ci4\public\index.php(37): CodeIgniter\CodeIgniter->run()
#11 D:\S O F T W A R E\xampp\htdocs\lab11_ci\ci4\system\Commands\Server\rewrite.php(45): require_once('D:\\S O F T W A ...')
#12 {main}
CRITICAL - 2021-06-25 02:00:30 --> Invalid file: template/admin_header.php
#0 D:\S O F T W A R E\xampp\htdocs\lab11_ci\ci4\system\View\View.php(213): CodeIgniter\Exceptions\FrameworkException::forInvalidFile('template/admin_...')
#1 D:\S O F T W A R E\xampp\htdocs\lab11_ci\ci4\system\View\View.php(487): CodeIgniter\View\View->render('template/admin_...', NULL, true)
#2 D:\S O F T W A R E\xampp\htdocs\lab11_ci\ci4\app\Views\artikel\admin_index.php(1): CodeIgniter\View\View->include('template/admin_...')
#3 D:\S O F T W A R E\xampp\htdocs\lab11_ci\ci4\system\View\View.php(230): include('D:\\S O F T W A ...')
#4 D:\S O F T W A R E\xampp\htdocs\lab11_ci\ci4\system\View\View.php(232): CodeIgniter\View\View->CodeIgniter\View\{closure}()
#5 D:\S O F T W A R E\xampp\htdocs\lab11_ci\ci4\system\Common.php(1271): CodeIgniter\View\View->render('artikel/admin_i...', Array, true)
#6 D:\S O F T W A R E\xampp\htdocs\lab11_ci\ci4\app\Controllers\Artikel.php(36): view('artikel/admin_i...', Array)
#7 D:\S O F T W A R E\xampp\htdocs\lab11_ci\ci4\system\CodeIgniter.php(928): App\Controllers\Artikel->admin_index()
#8 D:\S O F T W A R E\xampp\htdocs\lab11_ci\ci4\system\CodeIgniter.php(436): CodeIgniter\CodeIgniter->runController(Object(App\Controllers\Artikel))
#9 D:\S O F T W A R E\xampp\htdocs\lab11_ci\ci4\system\CodeIgniter.php(336): CodeIgniter\CodeIgniter->handleRequest(NULL, Object(Config\Cache), false)
#10 D:\S O F T W A R E\xampp\htdocs\lab11_ci\ci4\public\index.php(37): CodeIgniter\CodeIgniter->run()
#11 D:\S O F T W A R E\xampp\htdocs\lab11_ci\ci4\system\Commands\Server\rewrite.php(45): require_once('D:\\S O F T W A ...')
#12 {main}
CRITICAL - 2021-06-25 02:00:30 --> Invalid file: template/admin_header.php
#0 D:\S O F T W A R E\xampp\htdocs\lab11_ci\ci4\system\View\View.php(213): CodeIgniter\Exceptions\FrameworkException::forInvalidFile('template/admin_...')
#1 D:\S O F T W A R E\xampp\htdocs\lab11_ci\ci4\system\View\View.php(487): CodeIgniter\View\View->render('template/admin_...', NULL, true)
#2 D:\S O F T W A R E\xampp\htdocs\lab11_ci\ci4\app\Views\artikel\admin_index.php(1): CodeIgniter\View\View->include('template/admin_...')
#3 D:\S O F T W A R E\xampp\htdocs\lab11_ci\ci4\system\View\View.php(230): include('D:\\S O F T W A ...')
#4 D:\S O F T W A R E\xampp\htdocs\lab11_ci\ci4\system\View\View.php(232): CodeIgniter\View\View->CodeIgniter\View\{closure}()
#5 D:\S O F T W A R E\xampp\htdocs\lab11_ci\ci4\system\Common.php(1271): CodeIgniter\View\View->render('artikel/admin_i...', Array, true)
#6 D:\S O F T W A R E\xampp\htdocs\lab11_ci\ci4\app\Controllers\Artikel.php(36): view('artikel/admin_i...', Array)
#7 D:\S O F T W A R E\xampp\htdocs\lab11_ci\ci4\system\CodeIgniter.php(928): App\Controllers\Artikel->admin_index()
#8 D:\S O F T W A R E\xampp\htdocs\lab11_ci\ci4\system\CodeIgniter.php(436): CodeIgniter\CodeIgniter->runController(Object(App\Controllers\Artikel))
#9 D:\S O F T W A R E\xampp\htdocs\lab11_ci\ci4\system\CodeIgniter.php(336): CodeIgniter\CodeIgniter->handleRequest(NULL, Object(Config\Cache), false)
#10 D:\S O F T W A R E\xampp\htdocs\lab11_ci\ci4\public\index.php(37): CodeIgniter\CodeIgniter->run()
#11 D:\S O F T W A R E\xampp\htdocs\lab11_ci\ci4\system\Commands\Server\rewrite.php(45): require_once('D:\\S O F T W A ...')
#12 {main}
CRITICAL - 2021-06-25 02:00:30 --> Invalid file: template/admin_header.php
#0 D:\S O F T W A R E\xampp\htdocs\lab11_ci\ci4\system\View\View.php(213): CodeIgniter\Exceptions\FrameworkException::forInvalidFile('template/admin_...')
#1 D:\S O F T W A R E\xampp\htdocs\lab11_ci\ci4\system\View\View.php(487): CodeIgniter\View\View->render('template/admin_...', NULL, true)
#2 D:\S O F T W A R E\xampp\htdocs\lab11_ci\ci4\app\Views\artikel\admin_index.php(1): CodeIgniter\View\View->include('template/admin_...')
#3 D:\S O F T W A R E\xampp\htdocs\lab11_ci\ci4\system\View\View.php(230): include('D:\\S O F T W A ...')
#4 D:\S O F T W A R E\xampp\htdocs\lab11_ci\ci4\system\View\View.php(232): CodeIgniter\View\View->CodeIgniter\View\{closure}()
#5 D:\S O F T W A R E\xampp\htdocs\lab11_ci\ci4\system\Common.php(1271): CodeIgniter\View\View->render('artikel/admin_i...', Array, true)
#6 D:\S O F T W A R E\xampp\htdocs\lab11_ci\ci4\app\Controllers\Artikel.php(36): view('artikel/admin_i...', Array)
#7 D:\S O F T W A R E\xampp\htdocs\lab11_ci\ci4\system\CodeIgniter.php(928): App\Controllers\Artikel->admin_index()
#8 D:\S O F T W A R E\xampp\htdocs\lab11_ci\ci4\system\CodeIgniter.php(436): CodeIgniter\CodeIgniter->runController(Object(App\Controllers\Artikel))
#9 D:\S O F T W A R E\xampp\htdocs\lab11_ci\ci4\system\CodeIgniter.php(336): CodeIgniter\CodeIgniter->handleRequest(NULL, Object(Config\Cache), false)
#10 D:\S O F T W A R E\xampp\htdocs\lab11_ci\ci4\public\index.php(37): CodeIgniter\CodeIgniter->run()
#11 D:\S O F T W A R E\xampp\htdocs\lab11_ci\ci4\system\Commands\Server\rewrite.php(45): require_once('D:\\S O F T W A ...')
#12 {main}
CRITICAL - 2021-06-25 02:00:31 --> Invalid file: template/admin_header.php
#0 D:\S O F T W A R E\xampp\htdocs\lab11_ci\ci4\system\View\View.php(213): CodeIgniter\Exceptions\FrameworkException::forInvalidFile('template/admin_...')
#1 D:\S O F T W A R E\xampp\htdocs\lab11_ci\ci4\system\View\View.php(487): CodeIgniter\View\View->render('template/admin_...', NULL, true)
#2 D:\S O F T W A R E\xampp\htdocs\lab11_ci\ci4\app\Views\artikel\admin_index.php(1): CodeIgniter\View\View->include('template/admin_...')
#3 D:\S O F T W A R E\xampp\htdocs\lab11_ci\ci4\system\View\View.php(230): include('D:\\S O F T W A ...')
#4 D:\S O F T W A R E\xampp\htdocs\lab11_ci\ci4\system\View\View.php(232): CodeIgniter\View\View->CodeIgniter\View\{closure}()
#5 D:\S O F T W A R E\xampp\htdocs\lab11_ci\ci4\system\Common.php(1271): CodeIgniter\View\View->render('artikel/admin_i...', Array, true)
#6 D:\S O F T W A R E\xampp\htdocs\lab11_ci\ci4\app\Controllers\Artikel.php(36): view('artikel/admin_i...', Array)
#7 D:\S O F T W A R E\xampp\htdocs\lab11_ci\ci4\system\CodeIgniter.php(928): App\Controllers\Artikel->admin_index()
#8 D:\S O F T W A R E\xampp\htdocs\lab11_ci\ci4\system\CodeIgniter.php(436): CodeIgniter\CodeIgniter->runController(Object(App\Controllers\Artikel))
#9 D:\S O F T W A R E\xampp\htdocs\lab11_ci\ci4\system\CodeIgniter.php(336): CodeIgniter\CodeIgniter->handleRequest(NULL, Object(Config\Cache), false)
#10 D:\S O F T W A R E\xampp\htdocs\lab11_ci\ci4\public\index.php(37): CodeIgniter\CodeIgniter->run()
#11 D:\S O F T W A R E\xampp\htdocs\lab11_ci\ci4\system\Commands\Server\rewrite.php(45): require_once('D:\\S O F T W A ...')
#12 {main}
